============================= test session starts =============================
platform win32 -- Python 3.13.14, pytest-8.3.5, pluggy-1.6.0 -- C:\Users\rum2c\source\repos\MrWhoProjects\MrWhoOidc\e2e\.venv\Scripts\python.exe
cachedir: .pytest_cache
metadata: {'Python': '3.13.14', 'Platform': 'Windows-11-10.0.26200-SP0', 'Packages': {'pytest': '8.3.5', 'pluggy': '1.6.0'}, 'Plugins': {'anyio': '4.13.0', 'asyncio': '1.3.0', 'base-url': '2.1.0', 'html': '4.1.1', 'metadata': '3.1.1', 'playwright': '0.6.2'}, 'JAVA_HOME': 'C:\\Program Files\\Eclipse Adoptium\\jdk-21.0.8.9-hotspot', 'Base URL': ''}
rootdir: C:\Users\rum2c\source\repos\MrWhoProjects\MrWhoOidc\e2e
configfile: pyproject.toml
testpaths: tests
plugins: anyio-4.13.0, asyncio-1.3.0, base-url-2.1.0, html-4.1.1, metadata-3.1.1, playwright-0.6.2
asyncio: mode=Mode.STRICT, debug=False, asyncio_default_fixture_loop_scope=function, asyncio_default_test_loop_scope=function
collecting ... collected 491 items

tests/test_account_pages.py::TestAccountDashboard::test_dashboard_loads PASSED [  0%]
tests/test_account_pages.py::TestAccountDashboard::test_dashboard_account_tabs_visible PASSED [  0%]
tests/test_account_pages.py::TestAccountProfile::test_profile_page_loads PASSED [  0%]
tests/test_account_pages.py::TestAccountProfile::test_profile_form_has_save_button PASSED [  0%]
tests/test_account_pages.py::TestAccountEmails::test_emails_page_loads PASSED [  1%]
tests/test_account_pages.py::TestAccountEmails::test_emails_page_shows_current_email PASSED [  1%]
tests/test_account_pages.py::TestAccountWebAuthn::test_webauthn_page_loads PASSED [  1%]
tests/test_account_pages.py::TestAccountWebAuthn::test_webauthn_register_button_visible PASSED [  1%]
tests/test_account_pages.py::TestAccountSessions::test_sessions_page_loads PASSED [  1%]
tests/test_account_pages.py::TestAccountSessions::test_sessions_shows_current_session PASSED [  2%]
tests/test_account_pages.py::TestAccountConsents::test_consents_page_loads PASSED [  2%]
tests/test_account_pages.py::TestAccountLinkedAccounts::test_linked_accounts_page_loads PASSED [  2%]
tests/test_account_pages.py::TestAccountLinkedAccounts::test_link_account_opens_provider_picker PASSED [  2%]
tests/test_account_pages.py::TestAccountLinkedAccounts::test_link_account_picker_uses_link_mode_start_url PASSED [  2%]
tests/test_account_pages.py::TestAccountLinkedAccounts::test_can_link_and_sign_in_through_upstream_provider PASSED [  3%]
tests/test_account_pages.py::TestAccountLinkedAccounts::test_tenant_provider_picker_shows_dev_oidc_for_mapped_client PASSED [  3%]
tests/test_account_pages.py::TestAccountCreateTenant::test_create_tenant_page_loads PASSED [  3%]
tests/test_account_pages.py::TestAccountAccessDenied::test_access_denied_page_loads PASSED [  3%]
tests/test_account_pages.py::TestPasswordPage::test_password_page_loads PASSED [  3%]
tests/test_account_pages.py::TestPasswordPage::test_password_page_requires_current_password PASSED [  4%]
tests/test_account_pages.py::TestMfaPage::test_mfa_page_loads PASSED     [  4%]
tests/test_account_pages.py::TestMfaPage::test_mfa_page_has_setup_controls PASSED [  4%]
tests/test_account_pages.py::TestMfaPage::test_mfa_enable_renders_totp_qr_code_image PASSED [  4%]
tests/test_account_pages.py::TestMfaPage::test_mfa_confirm_completes_setup_and_login_uses_totp_challenge FAILED [  4%]
tests/test_account_security.py::TestPasswordReset::test_01_provision_user PASSED [  5%]
tests/test_account_security.py::TestPasswordReset::test_02_request_reset PASSED [  5%]
tests/test_account_security.py::TestPasswordReset::test_03_follow_reset_link SKIPPED [  5%]
tests/test_account_security.py::TestPasswordReset::test_04_login_with_new_password SKIPPED [  5%]
tests/test_account_security.py::TestPasswordReset::test_99_cleanup PASSED [  5%]
tests/test_account_security.py::TestEmailConfirmation::test_01_invalid_token_rejected PASSED [  6%]
tests/test_account_security.py::TestAccountLockout::test_01_provision_user PASSED [  6%]
tests/test_account_security.py::TestAccountLockout::test_02_repeated_bad_logins_lock PASSED [  6%]
tests/test_account_security.py::TestAccountLockout::test_99_cleanup PASSED [  6%]
tests/test_admin_pages.py::TestAdminRealms::test_realm_list_loads PASSED [  6%]
tests/test_admin_pages.py::TestAdminRealms::test_add_realm_page_loads PASSED [  7%]
tests/test_admin_pages.py::TestAdminRealms::test_realm_import_page_loads PASSED [  7%]
tests/test_admin_pages.py::TestAdminRealms::test_realm_edit_page_loads PASSED [  7%]
tests/test_admin_pages.py::TestAdminRealms::test_realm_list_has_default_realm PASSED [  7%]
tests/test_admin_pages.py::TestAdminClients::test_client_list_loads PASSED [  7%]
tests/test_admin_pages.py::TestAdminClients::test_add_client_page_loads PASSED [  8%]
tests/test_admin_pages.py::TestAdminClients::test_import_clients_page_loads PASSED [  8%]
tests/test_admin_pages.py::TestAdminClients::test_client_edit_page_loads PASSED [  8%]
tests/test_admin_pages.py::TestAdminClients::test_client_keys_page_loads PASSED [  8%]
tests/test_admin_pages.py::TestAdminClients::test_client_add_button_visible PASSED [  8%]
tests/test_admin_pages.py::TestAdminClients::test_export_clients_skips_or_loads SKIPPED [  9%]
tests/test_admin_pages.py::TestAdminProviders::test_provider_list_loads PASSED [  9%]
tests/test_admin_pages.py::TestAdminProviders::test_add_provider_page_loads PASSED [  9%]
tests/test_admin_pages.py::TestAdminProviders::test_import_providers_page_loads PASSED [  9%]
tests/test_admin_pages.py::TestAdminProviders::test_provider_details_page_loads PASSED [  9%]
tests/test_admin_pages.py::TestAdminProviders::test_provider_edit_page_loads PASSED [ 10%]
tests/test_admin_pages.py::TestAdminProviders::test_provider_claim_mappings_page_loads PASSED [ 10%]
tests/test_admin_pages.py::TestAdminProviders::test_provider_keys_page_loads PASSED [ 10%]
tests/test_admin_pages.py::TestAdminProviders::test_export_providers_skips_or_loads SKIPPED [ 10%]
tests/test_admin_pages.py::TestAdminProviderMappings::test_provider_mappings_loads PASSED [ 10%]
tests/test_admin_pages.py::TestAdminScopes::test_scope_list_loads PASSED [ 11%]
tests/test_admin_pages.py::TestAdminScopes::test_add_scope_page_loads PASSED [ 11%]
tests/test_admin_pages.py::TestAdminScopes::test_scope_edit_page_loads PASSED [ 11%]
tests/test_admin_pages.py::TestAdminScopes::test_scope_list_has_standard_scopes PASSED [ 11%]
tests/test_admin_pages.py::TestAdminRoles::test_role_list_loads PASSED   [ 12%]
tests/test_admin_pages.py::TestAdminRoles::test_add_role_page_loads PASSED [ 12%]
tests/test_admin_pages.py::TestAdminRoles::test_role_edit_page_loads PASSED [ 12%]
tests/test_admin_pages.py::TestAdminUsers::test_user_list_loads PASSED   [ 12%]
tests/test_admin_pages.py::TestAdminUsers::test_add_user_page_loads PASSED [ 12%]
tests/test_admin_pages.py::TestAdminUsers::test_user_list_shows_admin_user PASSED [ 13%]
tests/test_admin_pages.py::TestAdminUsers::test_user_edit_page_loads PASSED [ 13%]
tests/test_admin_pages.py::TestAdminUsers::test_user_clients_sub_tab PASSED [ 13%]
tests/test_admin_pages.py::TestAdminUsers::test_user_emails_sub_tab PASSED [ 13%]
tests/test_admin_pages.py::TestAdminUsers::test_user_roles_sub_tab PASSED [ 13%]
tests/test_admin_pages.py::TestAdminUsers::test_user_linked_sub_tab PASSED [ 14%]
tests/test_admin_pages.py::TestAdminRegistrations::test_registrations_page_loads PASSED [ 14%]
tests/test_admin_pages.py::TestAdminConfigurationAudit::test_configuration_audit_loads PASSED [ 14%]
tests/test_admin_pages.py::TestAdminBackchannel::test_backchannel_outbox_loads PASSED [ 14%]
tests/test_admin_pages.py::TestAdminOboSetup::test_obo_setup_loads PASSED [ 14%]
tests/test_admin_pages.py::TestAdminLegacyLicenseRedirects::test_admin_license_route_redirects_to_clients PASSED [ 15%]
tests/test_admin_pages.py::TestAdminLegacyLicenseRedirects::test_tenant_license_route_redirects_to_clients PASSED [ 15%]
tests/test_admin_pages.py::TestAdminBranding::test_branding_page_loads PASSED [ 15%]
tests/test_admin_pages.py::TestAdminBranding::test_branding_form_is_present PASSED [ 15%]
tests/test_admin_pages.py::TestAdminSettings::test_settings_page_loads PASSED [ 15%]
tests/test_admin_pages.py::TestAdminSettings::test_settings_has_save_button PASSED [ 16%]
tests/test_admin_pages.py::TestAdminRateLimits::test_rate_limits_page_loads PASSED [ 16%]
tests/test_backchannel_logout.py::TestBackChannelLogout::test_01_discovery PASSED [ 16%]
tests/test_backchannel_logout.py::TestBackChannelLogout::test_02_provision PASSED [ 16%]
tests/test_backchannel_logout.py::TestBackChannelLogout::test_03_login_logout_triggers_notification FAILED [ 16%]
tests/test_backchannel_logout.py::TestBackChannelLogout::test_99_cleanup PASSED [ 17%]
tests/test_ciba.py::TestCiba::test_01_discovery_advertises_ciba PASSED   [ 17%]
tests/test_ciba.py::TestCiba::test_02_provision_ciba_client PASSED       [ 17%]
tests/test_ciba.py::TestCiba::test_03_initiate_returns_auth_req_id PASSED [ 17%]
tests/test_ciba.py::TestCiba::test_04_poll_pending PASSED                [ 17%]
tests/test_ciba.py::TestCiba::test_05_unknown_auth_req_id_rejected PASSED [ 18%]
tests/test_ciba.py::TestCiba::test_99_cleanup PASSED                     [ 18%]
tests/test_cli_helper.py::test_run_does_not_retry_on_non_rate_limit_429_substring PASSED [ 18%]
tests/test_cli_helper.py::test_run_retries_on_explicit_rate_limit_signal PASSED [ 18%]
tests/test_cli_operations.py::TestCliReadOnly::test_profile_show PASSED  [ 18%]
tests/test_cli_operations.py::TestCliReadOnly::test_profile_list PASSED  [ 19%]
tests/test_cli_operations.py::TestCliReadOnly::test_discovery PASSED     [ 19%]
tests/test_cli_operations.py::TestCliReadOnly::test_discovery_json PASSED [ 19%]
tests/test_cli_operations.py::TestCliReadOnly::test_tenant_list PASSED   [ 19%]
tests/test_cli_operations.py::TestCliReadOnly::test_tenant_list_json PASSED [ 19%]
tests/test_cli_operations.py::TestCliReadOnly::test_realm_list PASSED    [ 20%]
tests/test_cli_operations.py::TestCliReadOnly::test_realm_list_json PASSED [ 20%]
tests/test_cli_operations.py::TestCliReadOnly::test_client_list PASSED   [ 20%]
tests/test_cli_operations.py::TestCliReadOnly::test_client_list_json PASSED [ 20%]
tests/test_cli_operations.py::TestCliReadOnly::test_scope_list PASSED    [ 20%]
tests/test_cli_operations.py::TestCliReadOnly::test_scope_list_json PASSED [ 21%]
tests/test_cli_operations.py::TestCliReadOnly::test_user_list PASSED     [ 21%]
tests/test_cli_operations.py::TestCliReadOnly::test_user_list_json PASSED [ 21%]
tests/test_cli_operations.py::TestCliUnassignedUsers::test_01_seed_unassigned_account PASSED [ 21%]
tests/test_cli_operations.py::TestCliUnassignedUsers::test_02_list_unassigned_accounts_json PASSED [ 21%]
tests/test_cli_operations.py::TestCliUnassignedUsers::test_03_get_unassigned_account_json PASSED [ 22%]
tests/test_cli_operations.py::TestCliUnassignedUsers::test_04_terminate_unassigned_account PASSED [ 22%]
tests/test_cli_operations.py::TestCliUnassignedUsers::test_05_unassigned_account_removed PASSED [ 22%]
tests/test_cli_operations.py::TestCliProfileManagement::test_server_header_in_stderr PASSED [ 22%]
tests/test_cli_operations.py::TestCliProfileManagement::test_server_header_contains_url PASSED [ 23%]
tests/test_cli_operations.py::TestCliProfileManagement::test_server_header_not_in_stdout_json PASSED [ 23%]
tests/test_cli_operations.py::TestCliProfileManagement::test_profile_rename_and_back PASSED [ 23%]
tests/test_cli_operations.py::TestCliProfileManagement::test_profile_rename_invalid_spaces PASSED [ 23%]
tests/test_cli_operations.py::TestCliProfileManagement::test_profile_rename_invalid_special_chars PASSED [ 23%]
tests/test_cli_operations.py::TestCliProfileManagement::test_profile_rename_nonexistent_source PASSED [ 24%]
tests/test_cli_operations.py::TestCliInvitationCrud::test_01_create_invitation PASSED [ 24%]
tests/test_cli_operations.py::TestCliInvitationCrud::test_02_invitation_appears_in_list PASSED [ 24%]
tests/test_cli_operations.py::TestCliInvitationCrud::test_03_revoke_invitation PASSED [ 24%]
tests/test_cli_operations.py::TestCliInvitationCrud::test_04_invitation_is_revoked PASSED [ 24%]
tests/test_cli_operations.py::TestCliRealmCrud::test_01_create_realm PASSED [ 25%]
tests/test_cli_operations.py::TestCliRealmCrud::test_02_realm_appears_in_list PASSED [ 25%]
tests/test_cli_operations.py::TestCliRealmCrud::test_03_get_realm PASSED [ 25%]
tests/test_cli_operations.py::TestCliRealmCrud::test_04_update_realm PASSED [ 25%]
tests/test_cli_operations.py::TestCliRealmCrud::test_05_verify_update PASSED [ 25%]
tests/test_cli_operations.py::TestCliScopeCrud::test_01_create_scope PASSED [ 26%]
tests/test_cli_operations.py::TestCliScopeCrud::test_02_scope_in_list PASSED [ 26%]
tests/test_cli_operations.py::TestCliScopeCrud::test_03_update_scope PASSED [ 26%]
tests/test_cli_operations.py::TestCliScopeCrud::test_04_delete_scope PASSED [ 26%]
tests/test_cli_operations.py::TestCliScopeCrud::test_05_scope_gone PASSED [ 26%]
tests/test_cli_operations.py::TestCliUserCrud::test_01_create_user PASSED [ 27%]
tests/test_cli_operations.py::TestCliUserCrud::test_02_user_in_list PASSED [ 27%]
tests/test_cli_operations.py::TestCliUserCrud::test_03_get_user PASSED   [ 27%]
tests/test_cli_operations.py::TestCliUserCrud::test_04_delete_user PASSED [ 27%]
tests/test_cli_operations.py::TestCliUserCrud::test_05_user_gone PASSED  [ 27%]
tests/test_cli_operations.py::TestCliClientCrud::test_01_get_realm_id PASSED [ 28%]
tests/test_cli_operations.py::TestCliClientCrud::test_02_create_client PASSED [ 28%]
tests/test_cli_operations.py::TestCliClientCrud::test_03_client_in_list PASSED [ 28%]
tests/test_cli_operations.py::TestCliClientCrud::test_04_get_client PASSED [ 28%]
tests/test_cli_operations.py::TestCliClientCrud::test_05_delete_client PASSED [ 28%]
tests/test_cli_operations.py::TestCliClientCrud::test_06_client_gone PASSED [ 29%]
tests/test_cli_operations.py::TestCliM2MSetup::test_01_get_realm_id PASSED [ 29%]
tests/test_cli_operations.py::TestCliM2MSetup::test_02_create_m2m_client PASSED [ 29%]
tests/test_cli_operations.py::TestCliM2MSetup::test_03_m2m_client_in_list PASSED [ 29%]
tests/test_cli_operations.py::TestCliM2MSetup::test_04_get_m2m_client PASSED [ 29%]
tests/test_cli_operations.py::TestCliM2MSetup::test_05_delete_m2m_client PASSED [ 30%]
tests/test_cli_operations.py::TestCliOboSetup::test_01_get_realm_id PASSED [ 30%]
tests/test_cli_operations.py::TestCliOboSetup::test_02_create_frontend_client PASSED [ 30%]
tests/test_cli_operations.py::TestCliOboSetup::test_03_create_backend_client PASSED [ 30%]
tests/test_cli_operations.py::TestCliOboSetup::test_04_both_clients_in_list PASSED [ 30%]
tests/test_cli_operations.py::TestCliOboSetup::test_05_get_backend_client PASSED [ 31%]
tests/test_cli_operations.py::TestCliOboSetup::test_06_cleanup_frontend PASSED [ 31%]
tests/test_cli_operations.py::TestCliOboSetup::test_07_cleanup_backend PASSED [ 31%]
tests/test_cli_operations.py::TestCliFullProvisioningWorkflow::test_01_create_realm PASSED [ 31%]
tests/test_cli_operations.py::TestCliFullProvisioningWorkflow::test_02_capture_realm_id PASSED [ 31%]
tests/test_cli_operations.py::TestCliFullProvisioningWorkflow::test_03_create_scopes PASSED [ 32%]
tests/test_cli_operations.py::TestCliFullProvisioningWorkflow::test_04_create_user PASSED [ 32%]
tests/test_cli_operations.py::TestCliFullProvisioningWorkflow::test_05_capture_user_id PASSED [ 32%]
tests/test_cli_operations.py::TestCliFullProvisioningWorkflow::test_06_create_webapp_client PASSED [ 32%]
tests/test_cli_operations.py::TestCliFullProvisioningWorkflow::test_07_create_api_client PASSED [ 32%]
tests/test_cli_operations.py::TestCliFullProvisioningWorkflow::test_08_verify_all_clients PASSED [ 33%]
tests/test_cli_operations.py::TestCliFullProvisioningWorkflow::test_09_verify_scopes PASSED [ 33%]
tests/test_cli_operations.py::TestCliFullProvisioningWorkflow::test_10_verify_user PASSED [ 33%]
tests/test_cli_operations.py::TestCliFullProvisioningWorkflow::test_11_export_realm PASSED [ 33%]
tests/test_cli_operations.py::TestCliFullProvisioningWorkflow::test_90_delete_clients PASSED [ 34%]
tests/test_cli_operations.py::TestCliFullProvisioningWorkflow::test_91_delete_user PASSED [ 34%]
tests/test_cli_operations.py::TestCliFullProvisioningWorkflow::test_92_delete_scopes PASSED [ 34%]
tests/test_cli_operations.py::TestCliFullProvisioningWorkflow::test_93_delete_realm PASSED [ 34%]
tests/test_cli_operations.py::TestCliFullProvisioningWorkflow::test_94_verify_cleanup PASSED [ 34%]
tests/test_cli_operations.py::TestCliClientUpdate::test_01_setup PASSED  [ 35%]
tests/test_cli_operations.py::TestCliClientUpdate::test_02_capture_id PASSED [ 35%]
tests/test_cli_operations.py::TestCliClientUpdate::test_03_update_name PASSED [ 35%]
tests/test_cli_operations.py::TestCliClientUpdate::test_04_update_require_consent PASSED [ 35%]
tests/test_cli_operations.py::TestCliClientUpdate::test_05_update_backchannel_uri PASSED [ 35%]
tests/test_cli_operations.py::TestCliClientUpdate::test_06_verify_updates PASSED [ 36%]
tests/test_cli_operations.py::TestCliClientUpdate::test_07_cleanup PASSED [ 36%]
tests/test_cli_operations.py::TestCliRoleCrud::test_01_get_realm_id PASSED [ 36%]
tests/test_cli_operations.py::TestCliRoleCrud::test_02_create_role PASSED [ 36%]
tests/test_cli_operations.py::TestCliRoleCrud::test_03_role_in_list PASSED [ 36%]
tests/test_cli_operations.py::TestCliRoleCrud::test_04_get_role PASSED   [ 37%]
tests/test_cli_operations.py::TestCliRoleCrud::test_05_update_role PASSED [ 37%]
tests/test_cli_operations.py::TestCliRoleCrud::test_06_verify_update PASSED [ 37%]
tests/test_cli_operations.py::TestCliRoleCrud::test_07_delete_role PASSED [ 37%]
tests/test_cli_operations.py::TestCliRoleCrud::test_08_role_gone PASSED  [ 37%]
tests/test_cli_operations.py::TestCliUserRoleAssignment::test_01_setup PASSED [ 38%]
tests/test_cli_operations.py::TestCliUserRoleAssignment::test_02_capture_ids PASSED [ 38%]
tests/test_cli_operations.py::TestCliUserRoleAssignment::test_03_assign_role PASSED [ 38%]
tests/test_cli_operations.py::TestCliUserRoleAssignment::test_04_list_user_roles PASSED [ 38%]
tests/test_cli_operations.py::TestCliUserRoleAssignment::test_05_unassign_role PASSED [ 38%]
tests/test_cli_operations.py::TestCliUserRoleAssignment::test_06_verify_unassign PASSED [ 39%]
tests/test_cli_operations.py::TestCliUserRoleAssignment::test_07_cleanup PASSED [ 39%]
tests/test_cli_operations.py::TestCliClientSecrets::test_01_setup PASSED [ 39%]
tests/test_cli_operations.py::TestCliClientSecrets::test_02_capture_client_id PASSED [ 39%]
tests/test_cli_operations.py::TestCliClientSecrets::test_03_list_secrets PASSED [ 39%]
tests/test_cli_operations.py::TestCliClientSecrets::test_04_create_secret PASSED [ 40%]
tests/test_cli_operations.py::TestCliClientSecrets::test_05_capture_new_secret_id PASSED [ 40%]
tests/test_cli_operations.py::TestCliClientSecrets::test_06_activate_secret PASSED [ 40%]
tests/test_cli_operations.py::TestCliClientSecrets::test_07_set_primary PASSED [ 40%]
tests/test_cli_operations.py::TestCliClientSecrets::test_08_revoke_secret PASSED [ 40%]
tests/test_cli_operations.py::TestCliClientSecrets::test_09_cleanup PASSED [ 41%]
tests/test_cli_operations.py::TestCliClientRotateAndValidate::test_01_setup PASSED [ 41%]
tests/test_cli_operations.py::TestCliClientRotateAndValidate::test_02_capture_client_id PASSED [ 41%]
tests/test_cli_operations.py::TestCliClientRotateAndValidate::test_03_rotate_secret PASSED [ 41%]
tests/test_cli_operations.py::TestCliClientRotateAndValidate::test_04_validate_client PASSED [ 41%]
tests/test_cli_operations.py::TestCliClientRotateAndValidate::test_05_cleanup PASSED [ 42%]
tests/test_cli_operations.py::TestCliClientScopes::test_01_setup PASSED  [ 42%]
tests/test_cli_operations.py::TestCliClientScopes::test_02_capture_client_id PASSED [ 42%]
tests/test_cli_operations.py::TestCliClientScopes::test_03_list_client_scopes PASSED [ 42%]
tests/test_cli_operations.py::TestCliClientScopes::test_04_add_scope PASSED [ 42%]
tests/test_cli_operations.py::TestCliClientScopes::test_05_verify_scope_added PASSED [ 43%]
tests/test_cli_operations.py::TestCliClientScopes::test_06_remove_scope PASSED [ 43%]
tests/test_cli_operations.py::TestCliClientScopes::test_07_cleanup PASSED [ 43%]
tests/test_cli_operations.py::TestCliDiagnostics::test_health PASSED     [ 43%]
tests/test_cli_operations.py::TestCliDiagnostics::test_health_json PASSED [ 43%]
tests/test_cli_operations.py::TestCliDiagnostics::test_whoami PASSED     [ 44%]
tests/test_cli_operations.py::TestCliDiagnostics::test_whoami_json PASSED [ 44%]
tests/test_cli_operations.py::TestCliDiagnostics::test_audit_list PASSED [ 44%]
tests/test_cli_operations.py::TestCliDiagnostics::test_audit_list_json PASSED [ 44%]
tests/test_cli_operations.py::TestCliDiagnostics::test_audit_get_first_entry PASSED [ 45%]
tests/test_cli_operations.py::TestCliDiagnostics::test_bcl_outbox PASSED [ 45%]
tests/test_cli_operations.py::TestCliDiagnostics::test_bcl_outbox_json PASSED [ 45%]
tests/test_cli_operations.py::TestCliDiagnostics::test_bcl_alerts PASSED [ 45%]
tests/test_cli_operations.py::TestCliDiagnostics::test_bcl_alerts_json PASSED [ 45%]
tests/test_cli_operations.py::TestCliDiagnostics::test_rate_limits_overview PASSED [ 46%]
tests/test_cli_operations.py::TestCliDiagnostics::test_rate_limits_events PASSED [ 46%]
tests/test_cli_operations.py::TestCliExportImport::test_01_setup_client PASSED [ 46%]
tests/test_cli_operations.py::TestCliExportImport::test_02_capture_client_id PASSED [ 46%]
tests/test_cli_operations.py::TestCliExportImport::test_03_export_tenant PASSED [ 46%]
tests/test_cli_operations.py::TestCliExportImport::test_04_export_client PASSED [ 47%]
tests/test_cli_operations.py::TestCliExportImport::test_05_import_preview_tenant_manifest PASSED [ 47%]
tests/test_cli_operations.py::TestCliExportImport::test_06_import_preview_client_manifest PASSED [ 47%]
tests/test_cli_operations.py::TestCliExportImport::test_07_export_realm PASSED [ 47%]
tests/test_cli_operations.py::TestCliExportImport::test_08_cleanup PASSED [ 47%]
tests/test_cli_operations.py::TestCliProviderCrud::test_01_provider_list_initial PASSED [ 48%]
tests/test_cli_operations.py::TestCliProviderCrud::test_02_create_provider PASSED [ 48%]
tests/test_cli_operations.py::TestCliProviderCrud::test_03_capture_provider_id PASSED [ 48%]
tests/test_cli_operations.py::TestCliProviderCrud::test_04_get_provider PASSED [ 48%]
tests/test_cli_operations.py::TestCliProviderCrud::test_05_update_provider PASSED [ 48%]
tests/test_cli_operations.py::TestCliProviderCrud::test_06_create_claim_mapping PASSED [ 49%]
tests/test_cli_operations.py::TestCliProviderCrud::test_07_list_claim_mappings PASSED [ 49%]
tests/test_cli_operations.py::TestCliProviderCrud::test_08_update_claim_mapping PASSED [ 49%]
tests/test_cli_operations.py::TestCliProviderCrud::test_09_delete_claim_mapping PASSED [ 49%]
tests/test_cli_operations.py::TestCliProviderCrud::test_10_delete_provider PASSED [ 49%]
tests/test_cli_operations.py::TestCliProviderCrud::test_11_provider_gone PASSED [ 50%]
tests/test_cli_operations.py::TestCliPlatformProviderRead::test_platform_provider_list PASSED [ 50%]
tests/test_cli_operations.py::TestCliPlatformProviderRead::test_platform_provider_get PASSED [ 50%]
tests/test_cli_operations.py::TestCliTenantRead::test_tenant_list_with_search PASSED [ 50%]
tests/test_cli_operations.py::TestCliTenantRead::test_tenant_get_id PASSED [ 50%]
tests/test_cli_operations.py::TestCliTenantRead::test_tenant_get_by_id PASSED [ 51%]
tests/test_cli_operations.py::TestCliTenantRead::test_tenant_get_table_output PASSED [ 51%]
tests/test_consent_flow.py::TestConsentScreen::test_01_provision_client PASSED [ 51%]
tests/test_consent_flow.py::TestConsentScreen::test_02_deny_returns_access_denied PASSED [ 51%]
tests/test_consent_flow.py::TestConsentScreen::test_03_allow_returns_code PASSED [ 51%]
tests/test_consent_flow.py::TestConsentScreen::test_04_consent_remembered PASSED [ 52%]
tests/test_consent_flow.py::TestConsentScreen::test_99_cleanup PASSED    [ 52%]
tests/test_crud_operations.py::TestRealmCrud::test_01_create_realm PASSED [ 52%]
tests/test_crud_operations.py::TestRealmCrud::test_02_edit_realm PASSED  [ 52%]
tests/test_crud_operations.py::TestClientCrud::test_01_create_client PASSED [ 52%]
tests/test_crud_operations.py::TestClientCrud::test_02_edit_client PASSED [ 53%]
tests/test_crud_operations.py::TestScopeCrud::test_01_create_scope PASSED [ 53%]
tests/test_crud_operations.py::TestScopeCrud::test_02_edit_scope PASSED  [ 53%]
tests/test_crud_operations.py::TestRoleCrud::test_01_create_role PASSED  [ 53%]
tests/test_crud_operations.py::TestRoleCrud::test_02_edit_role PASSED    [ 53%]
tests/test_crud_operations.py::TestUserCrud::test_01_create_user PASSED  [ 54%]
tests/test_crud_operations.py::TestUserCrud::test_02_edit_user PASSED    [ 54%]
tests/test_crud_operations.py::TestAccountProfileCrud::test_update_profile PASSED [ 54%]
tests/test_crud_operations.py::TestTenantCrud::test_01_create_tenant PASSED [ 54%]
tests/test_crud_operations.py::TestTenantCrud::test_02_edit_tenant SKIPPED [ 54%]
tests/test_device_flow.py::TestDeviceAuthorizationFlow::test_01_discovery_advertises_device_endpoint PASSED [ 55%]
tests/test_device_flow.py::TestDeviceAuthorizationFlow::test_02_provision_public_client PASSED [ 55%]
tests/test_device_flow.py::TestDeviceAuthorizationFlow::test_03_device_authorize PASSED [ 55%]
tests/test_device_flow.py::TestDeviceAuthorizationFlow::test_04_poll_before_approval_is_pending PASSED [ 55%]
tests/test_device_flow.py::TestDeviceAuthorizationFlow::test_05_approve_in_browser PASSED [ 56%]
tests/test_device_flow.py::TestDeviceAuthorizationFlow::test_06_poll_after_approval_succeeds PASSED [ 56%]
tests/test_device_flow.py::TestDeviceAuthorizationFlow::test_07_reused_device_code_rejected PASSED [ 56%]
tests/test_device_flow.py::TestDeviceAuthorizationFlow::test_08_unknown_device_code_rejected PASSED [ 56%]
tests/test_device_flow.py::TestDeviceAuthorizationFlow::test_99_cleanup PASSED [ 56%]
tests/test_dynamic_registration.py::TestDynamicClientRegistration::test_01_register SKIPPED [ 57%]
tests/test_dynamic_registration.py::TestDynamicClientRegistration::test_02_get_configuration SKIPPED [ 57%]
tests/test_dynamic_registration.py::TestDynamicClientRegistration::test_03_get_without_token_unauthorized SKIPPED [ 57%]
tests/test_dynamic_registration.py::TestDynamicClientRegistration::test_04_update_configuration SKIPPED [ 57%]
tests/test_dynamic_registration.py::TestDynamicClientRegistration::test_05_register_invalid_redirect_rejected SKIPPED [ 57%]
tests/test_dynamic_registration.py::TestDynamicClientRegistration::test_06_delete_configuration SKIPPED [ 58%]
tests/test_example_apps.py::TestExampleRazorClient::test_home_page_loads PASSED [ 58%]
tests/test_example_apps.py::TestExampleRazorClient::test_login_and_downstream_api_flow PASSED [ 58%]
tests/test_example_apps.py::TestExampleOidcDemo::test_home_page_loads PASSED [ 58%]
tests/test_example_apps.py::TestExampleOidcDemo::test_login_flow_reaches_secure_page FAILED [ 58%]
tests/test_example_apps.py::TestExampleReactOidcClient::test_home_page_loads PASSED [ 59%]
tests/test_example_apps.py::TestExampleReactOidcClient::test_login_flow_returns_authenticated_home PASSED [ 59%]
tests/test_logout_flows.py::TestEndSessionHappyPath::test_01_discovery PASSED [ 59%]
tests/test_logout_flows.py::TestEndSessionHappyPath::test_02_provision_client PASSED [ 59%]
tests/test_logout_flows.py::TestEndSessionHappyPath::test_03_obtain_id_token PASSED [ 59%]
tests/test_logout_flows.py::TestEndSessionHappyPath::test_04_logout_redirects_to_registered_uri FAILED [ 60%]
tests/test_logout_flows.py::TestEndSessionHappyPath::test_05_unregistered_redirect_not_followed PASSED [ 60%]
tests/test_logout_flows.py::TestEndSessionHappyPath::test_99_cleanup PASSED [ 60%]
tests/test_logout_flows.py::TestCheckSession::test_01_endsession_no_params_renders_page PASSED [ 60%]
tests/test_logout_flows.py::TestCheckSession::test_02_check_session_iframe_advertised PASSED [ 60%]
tests/test_mtls.py::TestMutualTlsMetadata::test_01_cert_bound_tokens_advertised PASSED [ 61%]
tests/test_mtls.py::TestMutualTlsMetadata::test_02_token_endpoint_auth_methods_present PASSED [ 61%]
tests/test_mtls.py::TestMutualTlsMetadata::test_03_cert_bound_token_flow SKIPPEDe dev stack Ś cert-bound token flow not exercisable) [ 61%]
tests/test_oidc_advanced.py::TestDiscoveryAndJwks::test_discovery_required_fields PASSED [ 61%]
tests/test_oidc_advanced.py::TestDiscoveryAndJwks::test_discovery_issuer_matches_url PASSED [ 61%]
tests/test_oidc_advanced.py::TestDiscoveryAndJwks::test_discovery_no_http_endpoints PASSED [ 62%]
tests/test_oidc_advanced.py::TestDiscoveryAndJwks::test_discovery_supported_values PASSED [ 62%]
tests/test_oidc_advanced.py::TestDiscoveryAndJwks::test_discovery_scopes_include_standard PASSED [ 62%]
tests/test_oidc_advanced.py::TestDiscoveryAndJwks::test_jwks_returns_valid_keys PASSED [ 62%]
tests/test_oidc_advanced.py::TestDiscoveryAndJwks::test_jwks_no_private_material PASSED [ 62%]
tests/test_oidc_advanced.py::TestDiscoveryAndJwks::test_jwks_caching_headers PASSED [ 63%]
tests/test_oidc_advanced.py::TestDiscoveryAndJwks::test_jwks_kid_matches_id_token PASSED [ 63%]
tests/test_oidc_advanced.py::TestTokenIntrospection::test_01_provision_client PASSED [ 63%]
tests/test_oidc_advanced.py::TestTokenIntrospection::test_02_acquire_tokens PASSED [ 63%]
tests/test_oidc_advanced.py::TestTokenIntrospection::test_03_introspect_active_access_token PASSED [ 63%]
tests/test_oidc_advanced.py::TestTokenIntrospection::test_04_introspect_with_basic_auth PASSED [ 64%]
tests/test_oidc_advanced.py::TestTokenIntrospection::test_05_introspect_garbage_token PASSED [ 64%]
tests/test_oidc_advanced.py::TestTokenIntrospection::test_06_introspect_empty_token PASSED [ 64%]
tests/test_oidc_advanced.py::TestTokenIntrospection::test_07_introspect_without_client_auth_fails PASSED [ 64%]
tests/test_oidc_advanced.py::TestTokenIntrospection::test_08_introspect_revoked_token PASSED [ 64%]
tests/test_oidc_advanced.py::TestTokenIntrospection::test_90_cleanup PASSED [ 65%]
tests/test_oidc_advanced.py::TestPkceEnforcement::test_01_provision_pkce_client PASSED [ 65%]
tests/test_oidc_advanced.py::TestPkceEnforcement::test_02_exchange_without_verifier_fails PASSED [ 65%]
tests/test_oidc_advanced.py::TestPkceEnforcement::test_03_exchange_with_wrong_verifier_fails PASSED [ 65%]
tests/test_oidc_advanced.py::TestPkceEnforcement::test_04_plain_challenge_method_rejected PASSED [ 65%]
tests/test_oidc_advanced.py::TestPkceEnforcement::test_90_cleanup PASSED [ 66%]
tests/test_oidc_advanced.py::TestAuthCodeReplay::test_01_provision_client PASSED [ 66%]
tests/test_oidc_advanced.py::TestAuthCodeReplay::test_02_code_replay_rejected PASSED [ 66%]
tests/test_oidc_advanced.py::TestAuthCodeReplay::test_03_wrong_redirect_uri_rejected PASSED [ 66%]
tests/test_oidc_advanced.py::TestAuthCodeReplay::test_04_cross_client_code_use_rejected PASSED [ 67%]
tests/test_oidc_advanced.py::TestAuthCodeReplay::test_90_cleanup PASSED  [ 67%]
tests/test_oidc_advanced.py::TestRefreshTokenSecurity::test_01_provision_client PASSED [ 67%]
tests/test_oidc_advanced.py::TestRefreshTokenSecurity::test_02_refresh_returns_new_tokens PASSED [ 67%]
tests/test_oidc_advanced.py::TestRefreshTokenSecurity::test_03_revoked_refresh_token_unusable PASSED [ 67%]
tests/test_oidc_advanced.py::TestRefreshTokenSecurity::test_04_scope_downscoping_on_refresh PASSED [ 68%]
tests/test_oidc_advanced.py::TestRefreshTokenSecurity::test_90_cleanup PASSED [ 68%]
tests/test_oidc_advanced.py::TestTokenEndpointAbuse::test_01_provision_client PASSED [ 68%]
tests/test_oidc_advanced.py::TestTokenEndpointAbuse::test_02_empty_body PASSED [ 68%]
tests/test_oidc_advanced.py::TestTokenEndpointAbuse::test_03_missing_grant_type PASSED [ 68%]
tests/test_oidc_advanced.py::TestTokenEndpointAbuse::test_04_unknown_grant_type PASSED [ 69%]
tests/test_oidc_advanced.py::TestTokenEndpointAbuse::test_05_nonexistent_client PASSED [ 69%]
tests/test_oidc_advanced.py::TestTokenEndpointAbuse::test_06_sql_injection_in_client_id PASSED [ 69%]
tests/test_oidc_advanced.py::TestTokenEndpointAbuse::test_07_extremely_long_values PASSED [ 69%]
tests/test_oidc_advanced.py::TestTokenEndpointAbuse::test_08_unicode_in_scope PASSED [ 69%]
tests/test_oidc_advanced.py::TestTokenEndpointAbuse::test_09_duplicate_grant_type_params PASSED [ 70%]
tests/test_oidc_advanced.py::TestTokenEndpointAbuse::test_90_cleanup PASSED [ 70%]
tests/test_oidc_advanced.py::TestCrossClientAbuse::test_01_provision_clients PASSED [ 70%]
tests/test_oidc_advanced.py::TestCrossClientAbuse::test_02_acquire_refresh_token_for_a PASSED [ 70%]
tests/test_oidc_advanced.py::TestCrossClientAbuse::test_03_client_b_cannot_refresh_client_a_token PASSED [ 70%]
tests/test_oidc_advanced.py::TestCrossClientAbuse::test_04_client_b_cannot_revoke_client_a_token PASSED [ 71%]
tests/test_oidc_advanced.py::TestCrossClientAbuse::test_90_cleanup PASSED [ 71%]
tests/test_oidc_advanced.py::TestPromptNone::test_01_provision_client PASSED [ 71%]
tests/test_oidc_advanced.py::TestPromptNone::test_02_prompt_none_with_session_succeeds PASSED [ 71%]
tests/test_oidc_advanced.py::TestPromptNone::test_03_prompt_none_without_session_returns_login_required PASSED [ 71%]
tests/test_oidc_advanced.py::TestPromptNone::test_90_cleanup PASSED      [ 72%]
tests/test_oidc_advanced.py::TestDPoPAdvanced::test_01_provision_client PASSED [ 72%]
tests/test_oidc_advanced.py::TestDPoPAdvanced::test_02_wrong_htm_rejected PASSED [ 72%]
tests/test_oidc_advanced.py::TestDPoPAdvanced::test_03_wrong_htu_rejected PASSED [ 72%]
tests/test_oidc_advanced.py::TestDPoPAdvanced::test_04_expired_proof_rejected PASSED [ 72%]
tests/test_oidc_advanced.py::TestDPoPAdvanced::test_05_dpop_with_wrong_alg_rejected PASSED [ 73%]
tests/test_oidc_advanced.py::TestDPoPAdvanced::test_06_dpop_missing_jti_rejected PASSED [ 73%]
tests/test_oidc_advanced.py::TestDPoPAdvanced::test_07_two_different_keys_for_token_and_userinfo PASSED [ 73%]
tests/test_oidc_advanced.py::TestDPoPAdvanced::test_90_cleanup PASSED    [ 73%]
tests/test_oidc_advanced.py::TestPushedAuthorizationRequests::test_01_provision_client PASSED [ 73%]
tests/test_oidc_advanced.py::TestPushedAuthorizationRequests::test_02_par_push_succeeds PASSED [ 74%]
tests/test_oidc_advanced.py::TestPushedAuthorizationRequests::test_03_par_request_uri_usable_in_authorize PASSED [ 74%]
tests/test_oidc_advanced.py::TestPushedAuthorizationRequests::test_04_par_replay_rejected PASSED [ 74%]
tests/test_oidc_advanced.py::TestPushedAuthorizationRequests::test_05_par_without_client_auth_fails PASSED [ 74%]
tests/test_oidc_advanced.py::TestPushedAuthorizationRequests::test_06_par_wrong_redirect_uri_fails PASSED [ 74%]
tests/test_oidc_advanced.py::TestPushedAuthorizationRequests::test_90_cleanup PASSED [ 75%]
tests/test_oidc_advanced.py::TestUserinfoEdgeCases::test_01_provision_and_acquire PASSED [ 75%]
tests/test_oidc_advanced.py::TestUserinfoEdgeCases::test_02_userinfo_without_bearer_fails PASSED [ 75%]
tests/test_oidc_advanced.py::TestUserinfoEdgeCases::test_03_userinfo_with_garbage_token_fails PASSED [ 75%]
tests/test_oidc_advanced.py::TestUserinfoEdgeCases::test_04_userinfo_returns_standard_claims PASSED [ 75%]
tests/test_oidc_advanced.py::TestUserinfoEdgeCases::test_05_userinfo_sub_matches_id_token PASSED [ 76%]
tests/test_oidc_advanced.py::TestUserinfoEdgeCases::test_90_cleanup PASSED [ 76%]
tests/test_oidc_advanced.py::TestAuthorizeEdgeCases::test_01_authorize_unknown_client PASSED [ 76%]
tests/test_oidc_advanced.py::TestAuthorizeEdgeCases::test_02_authorize_missing_response_type PASSED [ 76%]
tests/test_oidc_advanced.py::TestAuthorizeEdgeCases::test_03_authorize_unsupported_response_type PASSED [ 76%]
tests/test_oidc_advanced.py::TestAuthorizeEdgeCases::test_04_well_known_returns_json_content_type PASSED [ 77%]
tests/test_oidc_advanced.py::TestTokenClaimValidation::test_01_provision_client PASSED [ 77%]
tests/test_oidc_advanced.py::TestTokenClaimValidation::test_02_id_token_required_claims PASSED [ 77%]
tests/test_oidc_advanced.py::TestTokenClaimValidation::test_03_access_token_has_jti PASSED [ 77%]
tests/test_oidc_advanced.py::TestTokenClaimValidation::test_04_m2m_token_no_user_sub PASSED [ 78%]
tests/test_oidc_advanced.py::TestTokenClaimValidation::test_05_token_response_type_and_expiry PASSED [ 78%]
tests/test_oidc_advanced.py::TestTokenClaimValidation::test_90_cleanup PASSED [ 78%]
tests/test_oidc_advanced.py::TestEndSession::test_01_end_session_without_params PASSED [ 78%]
tests/test_oidc_advanced.py::TestEndSession::test_02_end_session_with_invalid_id_token_hint PASSED [ 78%]
tests/test_oidc_advanced.py::TestEndSession::test_03_end_session_with_invalid_post_logout_redirect PASSED [ 79%]
tests/test_oidc_advanced.py::TestRevocationEdgeCases::test_01_provision_client PASSED [ 79%]
tests/test_oidc_advanced.py::TestRevocationEdgeCases::test_02_revoke_nonexistent_token PASSED [ 79%]
tests/test_oidc_advanced.py::TestRevocationEdgeCases::test_03_revoke_without_client_auth PASSED [ 79%]
tests/test_oidc_advanced.py::TestRevocationEdgeCases::test_04_double_revoke_idempotent PASSED [ 79%]
tests/test_oidc_advanced.py::TestRevocationEdgeCases::test_90_cleanup PASSED [ 80%]
tests/test_oidc_flows.py::TestAuthorizationCodeFlow::test_01_provision_client PASSED [ 80%]
tests/test_oidc_flows.py::TestAuthorizationCodeFlow::test_02_authorize_and_capture_code PASSED [ 80%]
tests/test_oidc_flows.py::TestAuthorizationCodeFlow::test_03_exchange_code_for_tokens PASSED [ 80%]
tests/test_oidc_flows.py::TestAuthorizationCodeFlow::test_04_validate_id_token_claims PASSED [ 80%]
tests/test_oidc_flows.py::TestAuthorizationCodeFlow::test_05_validate_access_token_claims PASSED [ 81%]
tests/test_oidc_flows.py::TestAuthorizationCodeFlow::test_06_call_userinfo PASSED [ 81%]
tests/test_oidc_flows.py::TestAuthorizationCodeFlow::test_07_refresh_token PASSED [ 81%]
tests/test_oidc_flows.py::TestAuthorizationCodeFlow::test_08_revoke_token PASSED [ 81%]
tests/test_oidc_flows.py::TestAuthorizationCodeFlow::test_90_cleanup PASSED [ 81%]
tests/test_oidc_flows.py::TestClientCredentialsFlow::test_01_provision_m2m_client PASSED [ 82%]
tests/test_oidc_flows.py::TestClientCredentialsFlow::test_02_acquire_token PASSED [ 82%]
tests/test_oidc_flows.py::TestClientCredentialsFlow::test_03_validate_token_claims PASSED [ 82%]
tests/test_oidc_flows.py::TestClientCredentialsFlow::test_04_token_with_basic_auth PASSED [ 82%]
tests/test_oidc_flows.py::TestClientCredentialsFlow::test_05_wrong_secret_rejected PASSED [ 82%]
tests/test_oidc_flows.py::TestClientCredentialsFlow::test_90_cleanup PASSED [ 83%]
tests/test_oidc_flows.py::TestTokenExchangeFlow::test_01_provision_clients PASSED [ 83%]
tests/test_oidc_flows.py::TestTokenExchangeFlow::test_02_configure_obo_policy PASSED [ 83%]
tests/test_oidc_flows.py::TestTokenExchangeFlow::test_03_acquire_user_token PASSED [ 83%]
tests/test_oidc_flows.py::TestTokenExchangeFlow::test_04_exchange_for_backend_token PASSED [ 83%]
tests/test_oidc_flows.py::TestTokenExchangeFlow::test_05_validate_delegated_token PASSED [ 84%]
tests/test_oidc_flows.py::TestTokenExchangeFlow::test_90_cleanup PASSED  [ 84%]
tests/test_oidc_flows.py::TestDPoPFlow::test_01_provision_client PASSED  [ 84%]
tests/test_oidc_flows.py::TestDPoPFlow::test_02_m2m_with_dpop PASSED     [ 84%]
tests/test_oidc_flows.py::TestDPoPFlow::test_03_dpop_bound_token_has_cnf PASSED [ 84%]
tests/test_oidc_flows.py::TestDPoPFlow::test_04_dpop_replay_rejected PASSED [ 85%]
tests/test_oidc_flows.py::TestDPoPFlow::test_90_cleanup PASSED           [ 85%]
tests/test_oidc_flows.py::TestOidcNegativeCases::test_01_provision_client PASSED [ 85%]
tests/test_oidc_flows.py::TestOidcNegativeCases::test_02_wrong_client_secret PASSED [ 85%]
tests/test_oidc_flows.py::TestOidcNegativeCases::test_03_unsupported_grant_type PASSED [ 85%]
tests/test_oidc_flows.py::TestOidcNegativeCases::test_04_missing_audience_for_m2m PASSED [ 86%]
tests/test_oidc_flows.py::TestOidcNegativeCases::test_05_invalid_code PASSED [ 86%]
tests/test_oidc_flows.py::TestOidcNegativeCases::test_90_cleanup PASSED  [ 86%]
tests/test_platform_admin_pages.py::TestPlatformAdminDashboard::test_dashboard_loads PASSED [ 86%]
tests/test_platform_admin_pages.py::TestPlatformAdminDashboard::test_dashboard_has_navigation_links PASSED [ 86%]
tests/test_platform_admin_pages.py::TestPlatformAdminDashboard::test_dashboard_does_not_show_license_link PASSED [ 87%]
tests/test_platform_admin_pages.py::TestPlatformAdminTenants::test_tenant_list_loads PASSED [ 87%]
tests/test_platform_admin_pages.py::TestPlatformAdminTenants::test_tenant_list_has_default_tenant PASSED [ 87%]
tests/test_platform_admin_pages.py::TestPlatformAdminTenants::test_create_tenant_page_loads PASSED [ 87%]
tests/test_platform_admin_pages.py::TestPlatformAdminTenants::test_create_tenant_form_has_slug_field PASSED [ 87%]
tests/test_platform_admin_pages.py::TestPlatformAdminTenants::test_tenant_edit_page_loads PASSED [ 88%]
tests/test_platform_admin_pages.py::TestPlatformAdminTenants::test_tenant_import_page_loads PASSED [ 88%]
tests/test_platform_admin_pages.py::TestPlatformAdminImpersonation::test_impersonation_page_loads PASSED [ 88%]
tests/test_platform_admin_pages.py::TestPlatformAdminImpersonation::test_impersonation_history_loads PASSED [ 88%]
tests/test_platform_admin_pages.py::TestPlatformAdminProviders::test_platform_provider_list_loads PASSED [ 89%]
tests/test_platform_admin_pages.py::TestPlatformAdminProviders::test_platform_provider_add_page_loads PASSED [ 89%]
tests/test_platform_admin_pages.py::TestPlatformAdminProviders::test_platform_provider_edit_page_loads PASSED [ 89%]
tests/test_platform_admin_pages.py::TestPlatformAdminProviders::test_root_platform_external_provider_login PASSED [ 89%]
tests/test_platform_admin_pages.py::TestPlatformAdminSettings::test_platform_settings_loads PASSED [ 89%]
tests/test_platform_admin_pages.py::TestPlatformAdminSettings::test_platform_settings_exposes_root_sign_in_behavior PASSED [ 90%]
tests/test_platform_admin_pages.py::TestPlatformAdminSettings::test_root_sign_in_behavior_can_require_direct_tenant_url PASSED [ 90%]
tests/test_platform_admin_pages.py::TestLegacyPlatformLicenseRedirects::test_platform_license_route_redirects_to_dashboard PASSED [ 90%]
tests/test_platform_admin_pages.py::TestLegacyPlatformLicenseRedirects::test_platform_license_history_route_redirects_to_dashboard PASSED [ 90%]
tests/test_public_pages.py::TestHomePage::test_home_page_loads PASSED    [ 90%]
tests/test_public_pages.py::TestHomePage::test_home_page_discovery_link SKIPPED [ 91%]
tests/test_public_pages.py::TestHomePage::test_home_page_no_console_errors PASSED [ 91%]
tests/test_public_pages.py::TestHomePage::test_home_register_link_uses_platform_registration PASSED [ 91%]
tests/test_public_pages.py::TestLoginPage::test_login_page_loads PASSED  [ 91%]
tests/test_public_pages.py::TestLoginPage::test_login_page_invalid_credentials_shows_error PASSED [ 91%]
tests/test_public_pages.py::TestLoginPage::test_login_password_field_masked PASSED [ 92%]
tests/test_public_pages.py::TestLoginPage::test_login_page_title PASSED  [ 92%]
tests/test_public_pages.py::TestQrLoginPage::test_qr_login_page_renders_qr_image PASSED [ 92%]
tests/test_public_pages.py::TestRootDiscoveryFlow::test_root_discovery_does_not_offer_tenant_providers PASSED [ 92%]
tests/test_public_pages.py::TestRootDiscoveryFlow::test_root_discovery_routes_known_email_to_tenant_login PASSED [ 92%]
tests/test_public_pages.py::TestPrivacyPage::test_privacy_page_loads PASSED [ 93%]
tests/test_public_pages.py::TestForgotPasswordPage::test_forgot_password_page_loads PASSED [ 93%]
tests/test_public_pages.py::TestSelectTenantPage::test_select_tenant_page_loads PASSED [ 93%]
tests/test_public_pages.py::TestNotFoundPage::test_not_found_page_loads SKIPPEDge)) [ 93%]
tests/test_public_pages.py::TestDiscoveryEndpoints::test_oidc_discovery_returns_json PASSED [ 93%]
tests/test_public_pages.py::TestDiscoveryEndpoints::test_jwks_endpoint_returns_keys PASSED [ 94%]
tests/test_qr_login.py::TestQrLogin::test_01_unknown_session_not_found PASSED [ 94%]
tests/test_qr_login.py::TestQrLogin::test_02_qr_page_creates_session PASSED [ 94%]
tests/test_qr_login.py::TestQrLogin::test_03_status_poll_pending PASSED  [ 94%]
tests/test_rate_limiting.py::TestRateLimitEnforcement::test_01_provision PASSED [ 94%]
tests/test_rate_limiting.py::TestRateLimitEnforcement::test_02_flood_triggers_429 FAILED [ 95%]
tests/test_rate_limiting.py::TestRateLimitEnforcement::test_99_cleanup PASSED [ 95%]
tests/test_response_modes.py::TestResponseModes::test_01_discovery_response_modes PASSED [ 95%]
tests/test_response_modes.py::TestResponseModes::test_02_provision_client PASSED [ 95%]
tests/test_response_modes.py::TestResponseModes::test_03_form_post_returns_auto_submit_form PASSED [ 95%]
tests/test_response_modes.py::TestJarm::test_01_discovery_advertises_jarm PASSED [ 96%]
tests/test_response_modes.py::TestJarm::test_02_query_jwt_returns_signed_response SKIPPED [ 96%]
tests/test_response_modes.py::TestJar::test_01_discovery_advertises_jar PASSED [ 96%]
tests/test_response_modes.py::TestJar::test_02_malformed_request_object_rejected PASSED [ 96%]
tests/test_security_headers.py::TestSecurityHeaders::test_01_login_page_core_headers PASSED [ 96%]
tests/test_security_headers.py::TestSecurityHeaders::test_02_login_page_frame_and_csp PASSED [ 97%]
tests/test_security_headers.py::TestSecurityHeaders::test_03_checksession_iframe_allows_framing PASSED [ 97%]
tests/test_security_headers.py::TestSecurityHeaders::test_04_discovery_advertises_frontchannel_logout PASSED [ 97%]
tests/test_tenant_discovery.py::TestTenantDiscovery::test_01_tenant_discovery_present PASSED [ 97%]
tests/test_tenant_discovery.py::TestTenantDiscovery::test_02_issuer_is_tenant_scoped PASSED [ 97%]
tests/test_tenant_discovery.py::TestTenantDiscovery::test_03_endpoints_are_tenant_prefixed PASSED [ 98%]
tests/test_tenant_discovery.py::TestTenantDiscovery::test_04_unknown_tenant_404 PASSED [ 98%]
tests/test_tenant_domain_claims.py::TestTenantDomainClaims::test_claimed_domain_auto_enrolls_new_local_user PASSED [ 98%]
tests/test_tenant_enrollment.py::TestTenantInvitationEnrollment::test_invited_new_user_can_register_sign_in_and_appear_accepted PASSED [ 98%]
tests/test_tenant_registration_settings.py::TestTenantRegistrationSettings::test_01_cli_can_configure_and_observe_registration_settings PASSED [ 98%]
tests/test_tenant_registration_settings.py::TestTenantRegistrationSettings::test_02_tenant_registration_page_uses_customization_and_submits PASSED [ 99%]
tests/test_tenant_registration_settings.py::TestTenantRegistrationSettings::test_03_platform_only_redirects_tenant_registration_path PASSED [ 99%]
tests/test_webauthn.py::TestWebAuthnRegistration::test_01_provision_user PASSED [ 99%]
tests/test_webauthn.py::TestWebAuthnRegistration::test_02_register_passkey PASSED [ 99%]
tests/test_webauthn.py::TestWebAuthnRegistration::test_99_cleanup PASSED [100%]

================================== FAILURES ===================================
_ TestMfaPage.test_mfa_confirm_completes_setup_and_login_uses_totp_challenge __
tests\test_account_pages.py:492: in test_mfa_confirm_completes_setup_and_login_uses_totp_challenge
    expect(authenticated_page.get_by_text("TOTP enabled for all your organizations.")).to_be_visible()
E   AssertionError: Locator expected to be visible
E   Actual value: <element(s) not found> 
E   Call log:
E     - LocatorAssertions.to_be_visible with timeout 5000ms
E     -   - waiting for get_by_text("TOTP enabled for all your organizations.")
______ TestBackChannelLogout.test_03_login_logout_triggers_notification _______
tests\test_backchannel_logout.py:151: in test_03_login_logout_triggers_notification
    page.goto(logout_url, wait_until="domcontentloaded")
.venv\Lib\site-packages\playwright\sync_api\_generated.py:9018: in goto
    self._sync(
.venv\Lib\site-packages\playwright\_impl\_page.py:551: in goto
    return await self._main_frame.goto(**locals_to_params(locals()))
.venv\Lib\site-packages\playwright\_impl\_frame.py:145: in goto
    await self._channel.send("goto", locals_to_params(locals()))
.venv\Lib\site-packages\playwright\_impl\_connection.py:61: in send
    return await self._connection.wrap_api_call(
.venv\Lib\site-packages\playwright\_impl\_connection.py:528: in wrap_api_call
    raise rewrite_error(error, f"{parsed_st['apiName']}: {error}") from None
E   playwright._impl._errors.Error: Page.goto: net::ERR_NAME_NOT_RESOLVED at https://localhost:8443/connect/endsession?id_token_hint=eyJhbGciOiJSUzI1NiIsImtpZCI6IjI5MTY4OTA5M2Q4ZTRlZGE5OTYxMjEyM2ZkZjNjNTdhIiwidHlwIjoiSldUIn0.eyJzdWIiOiIwMTlmMDVkNS05ZDQyLTcyOTctYTdiYi0zYjNjOTIwM2QwZDMiLCJhY3IiOiJ1cm46bXJ3aG86YWNyOnBhc3N3b3JkIiwiYW1yIjoicHdkIiwic2lkIjoiYTJhYjU3YjU3Zjg0NDRhZWI5YjY2YTNjNjU4MDdmNDgiLCJub25jZSI6InJnTUh4eGdxZnRkTjNzZjQiLCJhdXRoX3RpbWUiOjE3ODI1MDkzMTUsImF0X2hhc2giOiI4WmNrTkc1YXlPSzJ6YWE4bzVueDl3IiwiaWF0IjoxNzgyNTA5MzE2LCJuYmYiOjE3ODI1MDkzMTYsImV4cCI6MTc4MjUwOTYxNiwiaXNzIjoiaHR0cHM6Ly9sb2NhbGhvc3Q6ODQ0My90L2RlZmF1bHQiLCJhdWQiOiJlMmUtYmNsLWRmNDNkZiJ9.BaK2To_T7GPptLncCaPLQlnE83rYtvEk_Au6k6aZRwc-zfNawhjHt-L8RonniQuILWk8ek3nWJ4jSKa-pQRnbR8S3ir5JRZ8S1N92DlZESRuVMpsLZwLl2zSnFe1Jl71WoICcdfxLxOX7uFGkbj-dmveQhyqLR7x_K_b4O3NmTjOGdIW4Lm6i39tBWFQpZPCK6cagxVidfx8mYuzAD5jxkvuVxaNnC7V5px4VfnY7hM5VJgCEgVA0-x7w-nEvSVPAJGAyc9zX4Hx_q71RJUwYrRkchwviait4Zp01JoLDH7K8OG-7s_xIcGG6DDjfd_D7l9bH4mUlnkSiUFYKZOQ0z6l_YFTKAEednXn_zm5jNN_8OsEsSfilc97oyN_ZeeUwTB0tTRYM_IG6mwQLztPfPJIh_A7BOvMpk1rCNwN6wY35YF3ag5Ssdu4U47WHOU2PjphFGzVw3_5EwYpI_vpVh6VhHb7kKofF-3yPeV6e9k4AKvsUVXr6yOtGnJxtszJ&post_logout_redirect_uri=https%3A%2F%2Fe2e-proto.test%2Fpost-logout&client_id=e2e-bcl-df43df&state=bye
E   Call log:
E     - navigating to "https://localhost:8443/connect/endsession?id_token_hint=eyJhbGciOiJSUzI1NiIsImtpZCI6IjI5MTY4OTA5M2Q4ZTRlZGE5OTYxMjEyM2ZkZjNjNTdhIiwidHlwIjoiSldUIn0.eyJzdWIiOiIwMTlmMDVkNS05ZDQyLTcyOTctYTdiYi0zYjNjOTIwM2QwZDMiLCJhY3IiOiJ1cm46bXJ3aG86YWNyOnBhc3N3b3JkIiwiYW1yIjoicHdkIiwic2lkIjoiYTJhYjU3YjU3Zjg0NDRhZWI5YjY2YTNjNjU4MDdmNDgiLCJub25jZSI6InJnTUh4eGdxZnRkTjNzZjQiLCJhdXRoX3RpbWUiOjE3ODI1MDkzMTUsImF0X2hhc2giOiI4WmNrTkc1YXlPSzJ6YWE4bzVueDl3IiwiaWF0IjoxNzgyNTA5MzE2LCJuYmYiOjE3ODI1MDkzMTYsImV4cCI6MTc4MjUwOTYxNiwiaXNzIjoiaHR0cHM6Ly9sb2NhbGhvc3Q6ODQ0My90L2RlZmF1bHQiLCJhdWQiOiJlMmUtYmNsLWRmNDNkZiJ9.BaK2To_T7GPptLncCaPLQlnE83rYtvEk_Au6k6aZRwc-zfNawhjHt-L8RonniQuILWk8ek3nWJ4jSKa-pQRnbR8S3ir5JRZ8S1N92DlZESRuVMpsLZwLl2zSnFe1Jl71WoICcdfxLxOX7uFGkbj-dmveQhyqLR7x_K_b4O3NmTjOGdIW4Lm6i39tBWFQpZPCK6cagxVidfx8mYuzAD5jxkvuVxaNnC7V5px4VfnY7hM5VJgCEgVA0-x7w-nEvSVPAJGAyc9zX4Hx_q71RJUwYrRkchwviait4Zp01JoLDH7K8OG-7s_xIcGG6DDjfd_D7l9bH4mUlnkSiUFYKZOQ0z6l_YFTKAEednXn_zm5jNN_8OsEsSfilc97oyN_ZeeUwTB0tTRYM_IG6mwQLztPfPJIh_A7BOvMpk1rCNwN6wY35YF3ag5Ssdu4U47WHOU2PjphFGzVw3_5EwYpI_vpVh6VhHb7kKofF-3yPeV6e9k4AKvsUVXr6yOtGnJxtszJ&post_logout_redirect_uri=https%3A%2F%2Fe2e-proto.test%2Fpost-logout&client_id=e2e-bcl-df43df&state=bye", waiting until "domcontentloaded"
___________ TestExampleOidcDemo.test_login_flow_reaches_secure_page ___________
tests\test_example_apps.py:83: in test_login_flow_reaches_secure_page
    _login_through_webauth(page)
tests\test_example_apps.py:16: in _login_through_webauth
    page.locator("button[type='submit']").click()
.venv\Lib\site-packages\playwright\sync_api\_generated.py:15464: in click
    self._sync(
.venv\Lib\site-packages\playwright\_impl\_locator.py:156: in click
    return await self._frame.click(self._selector, strict=True, **params)
.venv\Lib\site-packages\playwright\_impl\_frame.py:488: in click
    await self._channel.send("click", locals_to_params(locals()))
.venv\Lib\site-packages\playwright\_impl\_connection.py:61: in send
    return await self._connection.wrap_api_call(
.venv\Lib\site-packages\playwright\_impl\_connection.py:528: in wrap_api_call
    raise rewrite_error(error, f"{parsed_st['apiName']}: {error}") from None
E   playwright._impl._errors.TimeoutError: Locator.click: Timeout 30000ms exceeded.
E   Call log:
E     - waiting for locator("button[type='submit']")
E     -     - locator resolved to <button type="submit" class="btn btn-primary w-100 auth-btn">ů</button>
E     -   - attempting click action
E     -     - waiting for element to be visible, enabled and stable
E     -     - element is visible, enabled and stable
E     -     - scrolling into view if needed
E     -     - done scrolling
E     -     - performing click action
E     -     - click action done
E     -     - waiting for scheduled navigations to finish
E     -     - navigated to "https://localhost:8443/t/default/authorize?client_id=blazor-web&redirect_uri=https%3A%2F%2Flocalhost%3A5001%2Fsignin-oidc&response_type=code&scope=openid%20profile%20email&code_challenge=JYnBRG2l2IDSoUrobwS3w217pUYvXdmXcXC-8uT_WGU&code_challenge_method=S256&response_mode=form_post&nonce=639181067196882912.M2JlNTljMzMtMmI3Mi00MzdlLWFhMmItMGEzODQ1M2FlOGU4ZjUwYWMyODAtZGNhMC00MmY3LWEzYmItNTkwMGQyYTRhOWU2&state=CfDJ8GU3mtrL029MmvWWYdgFFZWqlv9ODPcH89s63YqOtLOqug434iFgeXwhlJ2CVMB0DaQqmu2B-wTrg6ZGRP-Lr8yLJp9x7oJ8ePXUuB8xcmY1xw-bWlLha6tgB_bI2GDn9QhMBbYVLu-S5T1V4LxfmUcyiYAFzHFbID4mVwVuORt_QIMr6yL0KWRj-WqSS3BexiVDjqZzcNC4_hAgVWTlCXgmPAqoOZbp3wp4aDdL3rnSkjLGE-HD3HIO2UGedAY2GtMoxTPeA0RGcSUc8flm6fNbjDLIyHVBeAD87HHQe6lXbr4PjTVBz8Yt8vFMFU3aYm4XOehjn0BKoWrZ2X7Ojj67QUAAco1NkRQcSk-9Vuv6LTv7-rn2lvp-YW9XcI_1tQ&x-client-SKU=ID_NET10_0&x-client-ver=8.0.1.0"
_____ TestEndSessionHappyPath.test_04_logout_redirects_to_registered_uri ______
tests\test_logout_flows.py:133: in test_04_logout_redirects_to_registered_uri
    assert LOGOUT_REDIRECT_URI.split("//")[1].split("/")[0] in location, location
E   AssertionError: /logout/final?ref=WWFUiMySfuzucaFj33KDQQ
E   assert 'e2e-proto.test' in '/logout/final?ref=WWFUiMySfuzucaFj33KDQQ'
_____________ TestRateLimitEnforcement.test_02_flood_triggers_429 _____________
tests\test_rate_limiting.py:81: in test_02_flood_triggers_429
    assert retry_after is not None, "429 must include a Retry-After header"
E   AssertionError: 429 must include a Retry-After header
E   assert None is not None
============================== warnings summary ===============================
tests/test_backchannel_logout.py: 2 warnings
tests/test_ciba.py: 3 warnings
tests/test_consent_flow.py: 1 warning
tests/test_device_flow.py: 5 warnings
tests/test_logout_flows.py: 4 warnings
tests/test_oidc_advanced.py: 66 warnings
tests/test_oidc_flows.py: 15 warnings
tests/test_qr_login.py: 1 warning
tests/test_rate_limiting.py: 1 warning
tests/test_security_headers.py: 3 warnings
tests/test_tenant_discovery.py: 4 warnings
  C:\Users\rum2c\source\repos\MrWhoProjects\MrWhoOidc\e2e\.venv\Lib\site-packages\urllib3\connectionpool.py:1097: InsecureRequestWarning: Unverified HTTPS request is being made to host 'localhost'. Adding certificate verification is strongly advised. See: https://urllib3.readthedocs.io/en/latest/advanced-usage.html#tls-warnings
    warnings.warn(

-- Docs: https://docs.pytest.org/en/stable/how-to/capture-warnings.html
=========================== short test summary info ===========================
FAILED tests/test_account_pages.py::TestMfaPage::test_mfa_confirm_completes_setup_and_login_uses_totp_challenge - AssertionError: Locator expected to be visible
Actual value: <element(s) not found> 
Call log:
  - LocatorAssertions.to_be_visible with timeout 5000ms
  -   - waiting for get_by_text("TOTP enabled for all your organizations.")
FAILED tests/test_backchannel_logout.py::TestBackChannelLogout::test_03_login_logout_triggers_notification - playwright._impl._errors.Error: Page.goto: net::ERR_NAME_NOT_RESOLVED at https://localhost:8443/connect/endsession?id_token_hint=eyJhbGciOiJSUzI1NiIsImtpZCI6IjI5MTY4OTA5M2Q4ZTRlZGE5OTYxMjEyM2ZkZjNjNTdhIiwidHlwIjoiSldUIn0.eyJzdWIiOiIwMTlmMDVkNS05ZDQyLTcyOTctYTdiYi0zYjNjOTIwM2QwZDMiLCJhY3IiOiJ1cm46bXJ3aG86YWNyOnBhc3N3b3JkIiwiYW1yIjoicHdkIiwic2lkIjoiYTJhYjU3YjU3Zjg0NDRhZWI5YjY2YTNjNjU4MDdmNDgiLCJub25jZSI6InJnTUh4eGdxZnRkTjNzZjQiLCJhdXRoX3RpbWUiOjE3ODI1MDkzMTUsImF0X2hhc2giOiI4WmNrTkc1YXlPSzJ6YWE4bzVueDl3IiwiaWF0IjoxNzgyNTA5MzE2LCJuYmYiOjE3ODI1MDkzMTYsImV4cCI6MTc4MjUwOTYxNiwiaXNzIjoiaHR0cHM6Ly9sb2NhbGhvc3Q6ODQ0My90L2RlZmF1bHQiLCJhdWQiOiJlMmUtYmNsLWRmNDNkZiJ9.BaK2To_T7GPptLncCaPLQlnE83rYtvEk_Au6k6aZRwc-zfNawhjHt-L8RonniQuILWk8ek3nWJ4jSKa-pQRnbR8S3ir5JRZ8S1N92DlZESRuVMpsLZwLl2zSnFe1Jl71WoICcdfxLxOX7uFGkbj-dmveQhyqLR7x_K_b4O3NmTjOGdIW4Lm6i39tBWFQpZPCK6cagxVidfx8mYuzAD5jxkvuVxaNnC7V5px4VfnY7hM5VJgCEgVA0-x7w-nEvSVPAJGAyc9zX4Hx_q71RJUwYrRkchwviait4Zp01JoLDH7K8OG-7s_xIcGG6DDjfd_D7l9bH4mUlnkSiUFYKZOQ0z6l_YFTKAEednXn_zm5jNN_8OsEsSfilc97oyN_ZeeUwTB0tTRYM_IG6mwQLztPfPJIh_A7BOvMpk1rCNwN6wY35YF3ag5Ssdu4U47WHOU2PjphFGzVw3_5EwYpI_vpVh6VhHb7kKofF-3yPeV6e9k4AKvsUVXr6yOtGnJxtszJ&post_logout_redirect_uri=https%3A%2F%2Fe2e-proto.test%2Fpost-logout&client_id=e2e-bcl-df43df&state=bye
Call log:
  - navigating to "https://localhost:8443/connect/endsession?id_token_hint=eyJhbGciOiJSUzI1NiIsImtpZCI6IjI5MTY4OTA5M2Q4ZTRlZGE5OTYxMjEyM2ZkZjNjNTdhIiwidHlwIjoiSldUIn0.eyJzdWIiOiIwMTlmMDVkNS05ZDQyLTcyOTctYTdiYi0zYjNjOTIwM2QwZDMiLCJhY3IiOiJ1cm46bXJ3aG86YWNyOnBhc3N3b3JkIiwiYW1yIjoicHdkIiwic2lkIjoiYTJhYjU3YjU3Zjg0NDRhZWI5YjY2YTNjNjU4MDdmNDgiLCJub25jZSI6InJnTUh4eGdxZnRkTjNzZjQiLCJhdXRoX3RpbWUiOjE3ODI1MDkzMTUsImF0X2hhc2giOiI4WmNrTkc1YXlPSzJ6YWE4bzVueDl3IiwiaWF0IjoxNzgyNTA5MzE2LCJuYmYiOjE3ODI1MDkzMTYsImV4cCI6MTc4MjUwOTYxNiwiaXNzIjoiaHR0cHM6Ly9sb2NhbGhvc3Q6ODQ0My90L2RlZmF1bHQiLCJhdWQiOiJlMmUtYmNsLWRmNDNkZiJ9.BaK2To_T7GPptLncCaPLQlnE83rYtvEk_Au6k6aZRwc-zfNawhjHt-L8RonniQuILWk8ek3nWJ4jSKa-pQRnbR8S3ir5JRZ8S1N92DlZESRuVMpsLZwLl2zSnFe1Jl71WoICcdfxLxOX7uFGkbj-dmveQhyqLR7x_K_b4O3NmTjOGdIW4Lm6i39tBWFQpZPCK6cagxVidfx8mYuzAD5jxkvuVxaNnC7V5px4VfnY7hM5VJgCEgVA0-x7w-nEvSVPAJGAyc9zX4Hx_q71RJUwYrRkchwviait4Zp01JoLDH7K8OG-7s_xIcGG6DDjfd_D7l9bH4mUlnkSiUFYKZOQ0z6l_YFTKAEednXn_zm5jNN_8OsEsSfilc97oyN_ZeeUwTB0tTRYM_IG6mwQLztPfPJIh_A7BOvMpk1rCNwN6wY35YF3ag5Ssdu4U47WHOU2PjphFGzVw3_5EwYpI_vpVh6VhHb7kKofF-3yPeV6e9k4AKvsUVXr6yOtGnJxtszJ&post_logout_redirect_uri=https%3A%2F%2Fe2e-proto.test%2Fpost-logout&client_id=e2e-bcl-df43df&state=bye", waiting until "domcontentloaded"
FAILED tests/test_example_apps.py::TestExampleOidcDemo::test_login_flow_reaches_secure_page - playwright._impl._errors.TimeoutError: Locator.click: Timeout 30000ms exceeded.
Call log:
  - waiting for locator("button[type='submit']")
  -     - locator resolved to <button type="submit" class="btn btn-primary w-100 auth-btn">ů</button>
  -   - attempting click action
  -     - waiting for element to be visible, enabled and stable
  -     - element is visible, enabled and stable
  -     - scrolling into view if needed
  -     - done scrolling
  -     - performing click action
  -     - click action done
  -     - waiting for scheduled navigations to finish
  -     - navigated to "https://localhost:8443/t/default/authorize?client_id=blazor-web&redirect_uri=https%3A%2F%2Flocalhost%3A5001%2Fsignin-oidc&response_type=code&scope=openid%20profile%20email&code_challenge=JYnBRG2l2IDSoUrobwS3w217pUYvXdmXcXC-8uT_WGU&code_challenge_method=S256&response_mode=form_post&nonce=639181067196882912.M2JlNTljMzMtMmI3Mi00MzdlLWFhMmItMGEzODQ1M2FlOGU4ZjUwYWMyODAtZGNhMC00MmY3LWEzYmItNTkwMGQyYTRhOWU2&state=CfDJ8GU3mtrL029MmvWWYdgFFZWqlv9ODPcH89s63YqOtLOqug434iFgeXwhlJ2CVMB0DaQqmu2B-wTrg6ZGRP-Lr8yLJp9x7oJ8ePXUuB8xcmY1xw-bWlLha6tgB_bI2GDn9QhMBbYVLu-S5T1V4LxfmUcyiYAFzHFbID4mVwVuORt_QIMr6yL0KWRj-WqSS3BexiVDjqZzcNC4_hAgVWTlCXgmPAqoOZbp3wp4aDdL3rnSkjLGE-HD3HIO2UGedAY2GtMoxTPeA0RGcSUc8flm6fNbjDLIyHVBeAD87HHQe6lXbr4PjTVBz8Yt8vFMFU3aYm4XOehjn0BKoWrZ2X7Ojj67QUAAco1NkRQcSk-9Vuv6LTv7-rn2lvp-YW9XcI_1tQ&x-client-SKU=ID_NET10_0&x-client-ver=8.0.1.0"
FAILED tests/test_logout_flows.py::TestEndSessionHappyPath::test_04_logout_redirects_to_registered_uri - AssertionError: /logout/final?ref=WWFUiMySfuzucaFj33KDQQ
assert 'e2e-proto.test' in '/logout/final?ref=WWFUiMySfuzucaFj33KDQQ'
FAILED tests/test_rate_limiting.py::TestRateLimitEnforcement::test_02_flood_triggers_429 - AssertionError: 429 must include a Retry-After header
assert None is not None
==== 5 failed, 471 passed, 15 skipped, 105 warnings in 1404.35s (0:23:24) =====
